[debug] > Exec(early(addDefaultCommands), None, None)
[debug] > Exec(addDefaultCommands, None, None)
[debug] > Exec(early(initialize), None, None)
[debug] > Exec(initialize, None, None)
[debug] > Exec(boot, None, None)
[debug] > Exec(writeSbtVersion, None, None)
[debug] > Exec(reload, None, None)
[debug] > Exec(sbtStashOnFailure, None, None)
[debug] > Exec(onFailure loadFailed, None, None)
[debug] > Exec(loadp, None, None)
[info] welcome to sbt 1.9.6 (Oracle Corporation Java 17.0.10)
[debug] Load.defaultLoad until apply took 85.094ms
[debug]           Load.loadUnit: plugins took 64.5466ms
[debug]           Load.loadUnit: defsScala took 0.2617ms
[debug] [Loading] Scanning directory C:\Users\jcarbare\IdeaProjects\spark-video-course\project
[debug]             Load.loadUnit: mkEval took 4.3518ms
[debug] [Loading] Found non-root projects 
[debug] [Loading] Done in C:\Users\jcarbare\IdeaProjects\spark-video-course\project, returning: ()
[debug] deducing auto plugins based on known facts Set(Atom(sbt.plugins.CorePlugin)) and clauses Clauses(Clause(Atom(sbt.plugins.JvmPlugin),Set(Atom(sbt.plugins.IvyPlugin)))
[debug] Clause(Atom(sbt.ScriptedPlugin),Set(Atom(sbt.plugins.JvmPlugin)))
[debug] Clause(Atom(sbt.plugins.SbtPlugin),Set(Atom(sbt.ScriptedPlugin)))
[debug] Clause(Atom(sbt.plugins.SemanticdbPlugin),Set(Atom(sbt.plugins.JvmPlugin)))
[debug] Clause(Atom(sbt.plugins.JUnitXmlReportPlugin),Set(Atom(sbt.plugins.JvmPlugin)))
[debug] Clause(Atom(sbt.plugins.MiniDependencyTreePlugin),Set(Atom(sbt.plugins.JvmPlugin)))
[debug] Clause(Atom(sbt.plugins.CorePlugin),Set(Atom(sbt.plugins.IvyPlugin)))
[debug] Clause(Atom(sbt.plugins.IvyPlugin),Set(Atom(sbt.plugins.JvmPlugin)))
[debug] Clause(Atom(sbt.plugins.JvmPlugin),Set(Atom(sbt.plugins.SemanticdbPlugin)))
[debug] Clause(Atom(sbt.plugins.JvmPlugin),Set(Atom(sbt.plugins.JUnitXmlReportPlugin)))
[debug] Clause(Atom(sbt.plugins.CorePlugin),Set(Atom(sbt.plugins.Giter8TemplatePlugin)))
[debug] Clause(Atom(sbt.plugins.JvmPlugin),Set(Atom(sbt.plugins.MiniDependencyTreePlugin))))
[debug]   :: deduced result: Matched(sbt.plugins.CorePlugin,sbt.plugins.Giter8TemplatePlugin,sbt.plugins.IvyPlugin,sbt.plugins.JvmPlugin,sbt.plugins.MiniDependencyTreePlugin,sbt.plugins.JUnitXmlReportPlugin,sbt.plugins.SemanticdbPlugin)
[debug] Plugins.deducer#function took 21.5827 ms
[info] loading settings for project spark-video-course-build from plugins.sbt ...
[debug]               Load.resolveProject(spark-video-course-build) took 48.725ms
[debug]             Load.loadTransitive: finalizeProject(Project(id spark-video-course-build, base: C:\Users\jcarbare\IdeaProjects\spark-video-course\project, plugins: List(<none>))) took 90.3219ms
[debug] [Loading] Done in C:\Users\jcarbare\IdeaProjects\spark-video-course\project, returning: (spark-video-course-build)
[debug]           Load.loadUnit: loadedProjectsRaw took 488.2388ms
[debug]           Load.loadUnit: cleanEvalClasses took 13.654ms
[debug]         Load.loadUnit(file:/C:/Users/jcarbare/IdeaProjects/spark-video-course/project/, ...) took 592.0391ms
[debug]       Load.apply: load took 752.9236ms
[debug]       Load.apply: resolveProjects took 4.2494ms
[debug]       Load.apply: finalTransforms took 57.1611ms
[debug]       Load.apply: config.delegates took 6.0191ms
[debug]       Load.apply: Def.make(settings)... took 298.9466ms
[debug]       Load.apply: structureIndex took 85.7112ms
[debug]       Load.apply: mkStreams took 2.0295ms
[info] loading project definition from C:\Users\jcarbare\IdeaProjects\spark-video-course\project
[debug] Running task... Cancel: Signal, check cycles: false, forcegc: true
[debug]     Load.loadUnit: plugins took 1848.5455ms
[debug]     Load.loadUnit: defsScala took 0.0026ms
[debug] [Loading] Scanning directory C:\Users\jcarbare\IdeaProjects\spark-video-course
[debug]       Load.loadUnit: mkEval took 0.3024ms
[debug] [Loading] Found root project root w/ remaining 
[debug] deducing auto plugins based on known facts Set(Atom(sbt.plugins.CorePlugin)) and clauses Clauses(Clause(Atom(sbt.plugins.JvmPlugin),Set(Atom(sbt.plugins.IvyPlugin)))
[debug] Clause(Atom(sbt.ScriptedPlugin),Set(Atom(sbt.plugins.JvmPlugin)))
[debug] Clause(Atom(sbt.plugins.SbtPlugin),Set(Atom(sbt.ScriptedPlugin)))
[debug] Clause(Atom(sbt.plugins.SemanticdbPlugin),Set(Atom(sbt.plugins.JvmPlugin)))
[debug] Clause(Atom(sbt.plugins.JUnitXmlReportPlugin),Set(Atom(sbt.plugins.JvmPlugin)))
[debug] Clause(Atom(sbt.plugins.MiniDependencyTreePlugin),Set(Atom(sbt.plugins.JvmPlugin)))
[debug] Clause(Atom(sbtide.ConfigPlugin),Set(Atom(sbt.plugins.JvmPlugin)))
[debug] Clause(Atom(sbt.plugins.CorePlugin),Set(Atom(sbt.plugins.IvyPlugin)))
[debug] Clause(Atom(sbt.plugins.IvyPlugin),Set(Atom(sbt.plugins.JvmPlugin)))
[debug] Clause(Atom(sbt.plugins.JvmPlugin),Set(Atom(sbt.plugins.SemanticdbPlugin)))
[debug] Clause(Atom(sbt.plugins.JvmPlugin),Set(Atom(sbt.plugins.JUnitXmlReportPlugin)))
[debug] Clause(Atom(sbt.plugins.CorePlugin),Set(Atom(sbt.plugins.Giter8TemplatePlugin)))
[debug] Clause(Atom(sbt.plugins.JvmPlugin),Set(Atom(sbt.plugins.MiniDependencyTreePlugin))))
[debug]   :: deduced result: Matched(sbt.plugins.CorePlugin,sbt.plugins.Giter8TemplatePlugin,sbt.plugins.IvyPlugin,sbt.plugins.JvmPlugin,sbt.plugins.MiniDependencyTreePlugin,sbt.plugins.JUnitXmlReportPlugin,sbt.plugins.SemanticdbPlugin)
[debug] Plugins.deducer#function took 1.8013 ms
[info] loading settings for project root from build.sbt ...
[debug]         Load.resolveProject(root) took 2.1373ms
[debug]       Load.loadTransitive: finalizeProject(Project(id root, base: C:\Users\jcarbare\IdeaProjects\spark-video-course, plugins: List(<none>))) took 5.1557ms
[debug] [Loading] Done in C:\Users\jcarbare\IdeaProjects\spark-video-course, returning: (root)
[debug]     Load.loadUnit: loadedProjectsRaw took 1425.6159ms
[debug]     Load.loadUnit: cleanEvalClasses took 14.9857ms
[debug]   Load.loadUnit(file:/C:/Users/jcarbare/IdeaProjects/spark-video-course/, ...) took 3291.2357ms
[debug] Load.apply: load took 3306.4558ms
[debug] Load.apply: resolveProjects took 0.2172ms
[debug] Load.apply: finalTransforms took 31.0386ms
[debug] Load.apply: config.delegates took 0.3812ms
[debug] Load.apply: Def.make(settings)... took 72.8964ms
[debug] Load.apply: structureIndex took 21.5027ms
[debug] Load.apply: mkStreams took 0.0021ms
[info] set current project to spark-video-course (in build file:/C:/Users/jcarbare/IdeaProjects/spark-video-course/)
[warn] there's a key that's not used by any other settings/tasks:
[warn]  
[warn] * root / idePackagePrefix
[warn]   +- C:\Users\jcarbare\IdeaProjects\spark-video-course\build.sbt:8
[warn]  
[warn] note: a setting might still be used by a command; to exclude a key from this `lintUnused` check
[warn] either append it to `Global / excludeLintKeys` or call .withRank(KeyRanks.Invisible) on the key
[debug] > Exec(sbtPopOnFailure, None, None)
[debug] > Exec(resumeFromFailure, None, None)
[debug] > Exec(notifyUsersAboutShell, None, None)
[debug] > Exec(iflast shell, None, None)
[debug] > Exec(shell, None, None)
[info] sbt server started at local:sbt-server-73eaad2f5fc3a0a02c01
[debug] Writing bsp connection file
[info] started sbt server
